# This is the CMakeCache file.
# For build in directory: /Users/xuzihang/GitProject/Serf/build
# It was generated by CMake: /opt/homebrew/bin/cmake
# You can edit this file to change values found and used by cmake.
# If you do not want to change any of the values, simply exit the editor.
# If you do want to change a value, simply edit, save, and exit the editor.
# The syntax for the file is as follows:
# KEY:TYPE=VALUE
# KEY is the name of a variable in the cache.
# TYPE is a hint to GUIs for the type of VALUE, DO NOT EDIT TYPE!.
# VALUE is the current value for the KEY.

########################
# EXTERNAL cache entries
########################

//Value Computed by CMake
ALP_BINARY_DIR:STATIC=/Users/xuzihang/GitProject/Serf/build/test/baselines/alp

//Value Computed by CMake
ALP_IS_TOP_LEVEL:STATIC=OFF

//Value Computed by CMake
ALP_SOURCE_DIR:STATIC=/Users/xuzihang/GitProject/Serf/test/baselines/alp

//enable ctags generation target
BUILD_CTAGS:BOOL=OFF

//build docker containers for testing
BUILD_DOCKER_CONTAINERS:BOOL=OFF

//build the fortran interface
BUILD_FORTRAN:BOOL=OFF

//Builds the googlemock subproject
BUILD_GMOCK:BOOL=ON

//build the HDF5 filter
BUILD_HDF5_FILTER:BOOL=OFF

//build the NetCDF reader
BUILD_NETCDF_READER:BOOL=OFF

//build OpenMP support
BUILD_OPENMP:BOOL=OFF

//build the pastri code
BUILD_PASTRI:BOOL=OFF

//build python wrapper
BUILD_PYTHON_WRAPPER:BOOL=OFF

//build the random access code
BUILD_RANDOMACCESS:BOOL=OFF

//Build shared libraries(DLLs).
BUILD_SHARED_LIBS:BOOL=ON

//record statistics for prediction
BUILD_STATS:BOOL=OFF

//build sz example
BUILD_SZ_EXAMPLES:BOOL=OFF

//Build the testing tree.
BUILD_TESTING:BOOL=ON

//build test cases
BUILD_TESTS:BOOL=OFF

//build the time based compression code
BUILD_TIMECMPR:BOOL=OFF

//The directory containing a CMake configuration file for Boost.
Boost_DIR:PATH=/opt/homebrew/lib/cmake/Boost-1.88.0

//Path to a file.
Boost_INCLUDE_DIR:PATH=/opt/homebrew/include

//Value Computed by CMake
Buff_BINARY_DIR:STATIC=/Users/xuzihang/GitProject/Serf/build/test/baselines/buff

//Value Computed by CMake
Buff_IS_TOP_LEVEL:STATIC=OFF

//Value Computed by CMake
Buff_SOURCE_DIR:STATIC=/Users/xuzihang/GitProject/Serf/test/baselines/buff

//Path to a program.
CMAKE_ADDR2LINE:FILEPATH=CMAKE_ADDR2LINE-NOTFOUND

//Path to a program.
CMAKE_AR:FILEPATH=/Library/Developer/CommandLineTools/usr/bin/ar

//ASM compiler
CMAKE_ASM_COMPILER:FILEPATH=/Library/Developer/CommandLineTools/usr/bin/cc

//Flags used by the ASM compiler during all build types.
CMAKE_ASM_FLAGS:STRING=

//Flags used by the ASM compiler during DEBUG builds.
CMAKE_ASM_FLAGS_DEBUG:STRING=-g

//Flags used by the ASM compiler during MINSIZEREL builds.
CMAKE_ASM_FLAGS_MINSIZEREL:STRING=-Os -DNDEBUG

//Flags used by the ASM compiler during RELEASE builds.
CMAKE_ASM_FLAGS_RELEASE:STRING=-O3 -DNDEBUG

//Flags used by the ASM compiler during RELWITHDEBINFO builds.
CMAKE_ASM_FLAGS_RELWITHDEBINFO:STRING=-O2 -g -DNDEBUG

//Choose the type of build, options are: None Debug Release RelWithDebInfo
// MinSizeRel ...
CMAKE_BUILD_TYPE:STRING=release

//Enable/Disable color output during build.
CMAKE_COLOR_MAKEFILE:BOOL=ON

//CXX compiler
CMAKE_CXX_COMPILER:FILEPATH=/Library/Developer/CommandLineTools/usr/bin/c++

//Flags used by the CXX compiler during all build types.
CMAKE_CXX_FLAGS:STRING=

//Flags used by the CXX compiler during DEBUG builds.
CMAKE_CXX_FLAGS_DEBUG:STRING=-g

//Flags used by the CXX compiler during MINSIZEREL builds.
CMAKE_CXX_FLAGS_MINSIZEREL:STRING=-Os -DNDEBUG

//Flags used by the CXX compiler during RELEASE builds.
CMAKE_CXX_FLAGS_RELEASE:STRING=-O3 -DNDEBUG

//Flags used by the CXX compiler during RELWITHDEBINFO builds.
CMAKE_CXX_FLAGS_RELWITHDEBINFO:STRING=-O2 -g -DNDEBUG

//C compiler
CMAKE_C_COMPILER:FILEPATH=/Library/Developer/CommandLineTools/usr/bin/cc

//Flags used by the C compiler during all build types.
CMAKE_C_FLAGS:STRING=

//Flags used by the C compiler during DEBUG builds.
CMAKE_C_FLAGS_DEBUG:STRING=-g

//Flags used by the C compiler during MINSIZEREL builds.
CMAKE_C_FLAGS_MINSIZEREL:STRING=-Os -DNDEBUG

//Flags used by the C compiler during RELEASE builds.
CMAKE_C_FLAGS_RELEASE:STRING=-O3 -DNDEBUG

//Flags used by the C compiler during RELWITHDEBINFO builds.
CMAKE_C_FLAGS_RELWITHDEBINFO:STRING=-O2 -g -DNDEBUG

//Path to a program.
CMAKE_DLLTOOL:FILEPATH=CMAKE_DLLTOOL-NOTFOUND

//Flags used by the linker during all build types.
CMAKE_EXE_LINKER_FLAGS:STRING=

//Flags used by the linker during DEBUG builds.
CMAKE_EXE_LINKER_FLAGS_DEBUG:STRING=

//Flags used by the linker during MINSIZEREL builds.
CMAKE_EXE_LINKER_FLAGS_MINSIZEREL:STRING=

//Flags used by the linker during RELEASE builds.
CMAKE_EXE_LINKER_FLAGS_RELEASE:STRING=

//Flags used by the linker during RELWITHDEBINFO builds.
CMAKE_EXE_LINKER_FLAGS_RELWITHDEBINFO:STRING=

//Enable/Disable output of compile commands during generation.
CMAKE_EXPORT_COMPILE_COMMANDS:BOOL=

//Value Computed by CMake.
CMAKE_FIND_PACKAGE_REDIRECTS_DIR:STATIC=/Users/xuzihang/GitProject/Serf/build/CMakeFiles/pkgRedirects

//User executables (bin)
CMAKE_INSTALL_BINDIR:PATH=bin

//Read-only architecture-independent data (DATAROOTDIR)
CMAKE_INSTALL_DATADIR:PATH=

//Read-only architecture-independent data root (share)
CMAKE_INSTALL_DATAROOTDIR:PATH=share

//Documentation root (DATAROOTDIR/doc/PROJECT_NAME)
CMAKE_INSTALL_DOCDIR:PATH=

//C header files (include)
CMAKE_INSTALL_INCLUDEDIR:PATH=include

//Info documentation (DATAROOTDIR/info)
CMAKE_INSTALL_INFODIR:PATH=

//Object code libraries (lib)
CMAKE_INSTALL_LIBDIR:PATH=lib

//Program executables (libexec)
CMAKE_INSTALL_LIBEXECDIR:PATH=libexec

//Locale-dependent data (DATAROOTDIR/locale)
CMAKE_INSTALL_LOCALEDIR:PATH=

//Modifiable single-machine data (var)
CMAKE_INSTALL_LOCALSTATEDIR:PATH=var

//Man documentation (DATAROOTDIR/man)
CMAKE_INSTALL_MANDIR:PATH=

//Path to a program.
CMAKE_INSTALL_NAME_TOOL:FILEPATH=/usr/bin/install_name_tool

//C header files for non-gcc (/usr/include)
CMAKE_INSTALL_OLDINCLUDEDIR:PATH=/usr/include

//Install path prefix, prepended onto install directories.
CMAKE_INSTALL_PREFIX:PATH=/usr/local

//Run-time variable data (LOCALSTATEDIR/run)
CMAKE_INSTALL_RUNSTATEDIR:PATH=

//System admin executables (sbin)
CMAKE_INSTALL_SBINDIR:PATH=sbin

//Modifiable architecture-independent data (com)
CMAKE_INSTALL_SHAREDSTATEDIR:PATH=com

//Read-only single-machine data (etc)
CMAKE_INSTALL_SYSCONFDIR:PATH=etc

//Path to a program.
CMAKE_LINKER:FILEPATH=/Library/Developer/CommandLineTools/usr/bin/ld

//Path to a program.
CMAKE_MAKE_PROGRAM:FILEPATH=/usr/bin/make

//Flags used by the linker during the creation of modules during
// all build types.
CMAKE_MODULE_LINKER_FLAGS:STRING=

//Flags used by the linker during the creation of modules during
// DEBUG builds.
CMAKE_MODULE_LINKER_FLAGS_DEBUG:STRING=

//Flags used by the linker during the creation of modules during
// MINSIZEREL builds.
CMAKE_MODULE_LINKER_FLAGS_MINSIZEREL:STRING=

//Flags used by the linker during the creation of modules during
// RELEASE builds.
CMAKE_MODULE_LINKER_FLAGS_RELEASE:STRING=

//Flags used by the linker during the creation of modules during
// RELWITHDEBINFO builds.
CMAKE_MODULE_LINKER_FLAGS_RELWITHDEBINFO:STRING=

//Path to a program.
CMAKE_NM:FILEPATH=/Library/Developer/CommandLineTools/usr/bin/nm

//Path to a program.
CMAKE_OBJCOPY:FILEPATH=CMAKE_OBJCOPY-NOTFOUND

//Path to a program.
CMAKE_OBJDUMP:FILEPATH=/Library/Developer/CommandLineTools/usr/bin/objdump

//Build architectures for OSX
CMAKE_OSX_ARCHITECTURES:STRING=

//Minimum OS X version to target for deployment (at runtime); newer
// APIs weak linked. Set to empty string for default value.
CMAKE_OSX_DEPLOYMENT_TARGET:STRING=

//The product will be built against the headers and libraries located
// inside the indicated SDK.
CMAKE_OSX_SYSROOT:PATH=/Library/Developer/CommandLineTools/SDKs/MacOSX15.2.sdk

//Value Computed by CMake
CMAKE_PROJECT_DESCRIPTION:STATIC=

//Value Computed by CMake
CMAKE_PROJECT_HOMEPAGE_URL:STATIC=

//Value Computed by CMake
CMAKE_PROJECT_NAME:STATIC=Serf-All

//Value Computed by CMake
CMAKE_PROJECT_VERSION:STATIC=2.1.6.2

//Value Computed by CMake
CMAKE_PROJECT_VERSION_MAJOR:STATIC=2

//Value Computed by CMake
CMAKE_PROJECT_VERSION_MINOR:STATIC=1

//Value Computed by CMake
CMAKE_PROJECT_VERSION_PATCH:STATIC=6

//Value Computed by CMake
CMAKE_PROJECT_VERSION_TWEAK:STATIC=2

//Path to a program.
CMAKE_RANLIB:FILEPATH=/Library/Developer/CommandLineTools/usr/bin/ranlib

//Path to a program.
CMAKE_READELF:FILEPATH=CMAKE_READELF-NOTFOUND

//Flags used by the linker during the creation of shared libraries
// during all build types.
CMAKE_SHARED_LINKER_FLAGS:STRING=

//Flags used by the linker during the creation of shared libraries
// during DEBUG builds.
CMAKE_SHARED_LINKER_FLAGS_DEBUG:STRING=

//Flags used by the linker during the creation of shared libraries
// during MINSIZEREL builds.
CMAKE_SHARED_LINKER_FLAGS_MINSIZEREL:STRING=

//Flags used by the linker during the creation of shared libraries
// during RELEASE builds.
CMAKE_SHARED_LINKER_FLAGS_RELEASE:STRING=

//Flags used by the linker during the creation of shared libraries
// during RELWITHDEBINFO builds.
CMAKE_SHARED_LINKER_FLAGS_RELWITHDEBINFO:STRING=

//If set, runtime paths are not added when installing shared libraries,
// but are added when building.
CMAKE_SKIP_INSTALL_RPATH:BOOL=NO

//If set, runtime paths are not added when using shared libraries.
CMAKE_SKIP_RPATH:BOOL=NO

//Flags used by the linker during the creation of static libraries
// during all build types.
CMAKE_STATIC_LINKER_FLAGS:STRING=

//Flags used by the linker during the creation of static libraries
// during DEBUG builds.
CMAKE_STATIC_LINKER_FLAGS_DEBUG:STRING=

//Flags used by the linker during the creation of static libraries
// during MINSIZEREL builds.
CMAKE_STATIC_LINKER_FLAGS_MINSIZEREL:STRING=

//Flags used by the linker during the creation of static libraries
// during RELEASE builds.
CMAKE_STATIC_LINKER_FLAGS_RELEASE:STRING=

//Flags used by the linker during the creation of static libraries
// during RELWITHDEBINFO builds.
CMAKE_STATIC_LINKER_FLAGS_RELWITHDEBINFO:STRING=

//Path to a program.
CMAKE_STRIP:FILEPATH=/Library/Developer/CommandLineTools/usr/bin/strip

//Path to a program.
CMAKE_TAPI:FILEPATH=/Library/Developer/CommandLineTools/usr/bin/tapi

//If this value is on, makefiles will be generated without the
// .SILENT directive, and all commands will be echoed to the console
// during the make.  This is useful for debugging only. With Visual
// Studio IDE projects all commands are done without /nologo.
CMAKE_VERBOSE_MAKEFILE:BOOL=FALSE

//Path to the coverage program that CTest uses for performing coverage
// inspection
COVERAGE_COMMAND:FILEPATH=/usr/bin/gcov

//Extra command line flags to pass to the coverage tool
COVERAGE_EXTRA_FLAGS:STRING=-l

//How many times to retry timed-out CTest submissions.
CTEST_SUBMIT_RETRY_COUNT:STRING=3

//How long to wait between timed-out CTest submissions.
CTEST_SUBMIT_RETRY_DELAY:STRING=5

//Value Computed by CMake
Chimp128_BINARY_DIR:STATIC=/Users/xuzihang/GitProject/Serf/build/test/baselines/chimp128

//Value Computed by CMake
Chimp128_IS_TOP_LEVEL:STATIC=OFF

//Value Computed by CMake
Chimp128_SOURCE_DIR:STATIC=/Users/xuzihang/GitProject/Serf/test/baselines/chimp128

//Maximum time allowed before CTest will kill the test.
DART_TESTING_TIMEOUT:STRING=1500

//Value Computed by CMake
Deflate_BINARY_DIR:STATIC=/Users/xuzihang/GitProject/Serf/build/test/baselines/deflate

//Value Computed by CMake
Deflate_IS_TOP_LEVEL:STATIC=OFF

//Value Computed by CMake
Deflate_SOURCE_DIR:STATIC=/Users/xuzihang/GitProject/Serf/test/baselines/deflate

//Value Computed by CMake
Elf_BINARY_DIR:STATIC=/Users/xuzihang/GitProject/Serf/build/test/baselines/elf

//Value Computed by CMake
Elf_IS_TOP_LEVEL:STATIC=OFF

//Value Computed by CMake
Elf_SOURCE_DIR:STATIC=/Users/xuzihang/GitProject/Serf/test/baselines/elf

//Value Computed by CMake
Elf_Star_BINARY_DIR:STATIC=/Users/xuzihang/GitProject/Serf/build/test/baselines/elf_star

//Value Computed by CMake
Elf_Star_IS_TOP_LEVEL:STATIC=OFF

//Value Computed by CMake
Elf_Star_SOURCE_DIR:STATIC=/Users/xuzihang/GitProject/Serf/test/baselines/elf_star

//Directory under which to collect all populated content
FETCHCONTENT_BASE_DIR:PATH=/Users/xuzihang/GitProject/Serf/build/_deps

//Disables all attempts to download or update content and assumes
// source dirs already exist
FETCHCONTENT_FULLY_DISCONNECTED:BOOL=OFF

//Enables QUIET option for all content population
FETCHCONTENT_QUIET:BOOL=ON

//When not empty, overrides where to find pre-populated content
// for googletest
FETCHCONTENT_SOURCE_DIR_GOOGLETEST:PATH=

//Enables UPDATE_DISCONNECTED behavior for all content population
FETCHCONTENT_UPDATES_DISCONNECTED:BOOL=OFF

//Enables UPDATE_DISCONNECTED behavior just for population of googletest
FETCHCONTENT_UPDATES_DISCONNECTED_GOOGLETEST:BOOL=OFF

//Value Computed by CMake
FPC_BINARY_DIR:STATIC=/Users/xuzihang/GitProject/Serf/build/test/baselines/fpc

//Value Computed by CMake
FPC_IS_TOP_LEVEL:STATIC=OFF

//Value Computed by CMake
FPC_SOURCE_DIR:STATIC=/Users/xuzihang/GitProject/Serf/test/baselines/fpc

//Use Abseil and RE2. Requires Abseil and RE2 to be separately
// added to the build.
GTEST_HAS_ABSL:BOOL=OFF

//Value Computed by CMake
Gorilla_BINARY_DIR:STATIC=/Users/xuzihang/GitProject/Serf/build/test/baselines/gorilla

//Value Computed by CMake
Gorilla_IS_TOP_LEVEL:STATIC=OFF

//Value Computed by CMake
Gorilla_SOURCE_DIR:STATIC=/Users/xuzihang/GitProject/Serf/test/baselines/gorilla

//Enable installation of googletest. (Projects embedding googletest
// may want to turn this OFF.)
INSTALL_GTEST:BOOL=ON

//Value Computed by CMake
LZ4_BINARY_DIR:STATIC=/Users/xuzihang/GitProject/Serf/build/test/baselines/lz4

//Value Computed by CMake
LZ4_IS_TOP_LEVEL:STATIC=OFF

//Value Computed by CMake
LZ4_SOURCE_DIR:STATIC=/Users/xuzihang/GitProject/Serf/test/baselines/lz4

//Value Computed by CMake
LZ77_BINARY_DIR:STATIC=/Users/xuzihang/GitProject/Serf/build/test/baselines/lz77

//Value Computed by CMake
LZ77_IS_TOP_LEVEL:STATIC=OFF

//Value Computed by CMake
LZ77_SOURCE_DIR:STATIC=/Users/xuzihang/GitProject/Serf/test/baselines/lz77

//Command to build the project
MAKECOMMAND:STRING=/opt/homebrew/bin/cmake --build . --config "${CTEST_CONFIGURATION_TYPE}"

//Path to the memory checking command, used for memory error detection.
MEMORYCHECK_COMMAND:FILEPATH=MEMORYCHECK_COMMAND-NOTFOUND

//File that contains suppressions for the memory checker
MEMORYCHECK_SUPPRESSIONS_FILE:FILEPATH=

//CXX compiler flags for OpenMP parallelization
OpenMP_CXX_FLAGS:STRING=NOTFOUND

//CXX compiler libraries for OpenMP parallelization
OpenMP_CXX_LIB_NAMES:STRING=NOTFOUND

//C compiler flags for OpenMP parallelization
OpenMP_C_FLAGS:STRING=NOTFOUND

//C compiler libraries for OpenMP parallelization
OpenMP_C_LIB_NAMES:STRING=NOTFOUND

//Path to a library.
OpenMP_libomp_LIBRARY:FILEPATH=OpenMP_libomp_LIBRARY-NOTFOUND

//Arguments to supply to pkg-config
PKG_CONFIG_ARGN:STRING=

//pkg-config executable
PKG_CONFIG_EXECUTABLE:FILEPATH=/opt/homebrew/bin/pkg-config

//Value Computed by CMake
PerfTest_BINARY_DIR:STATIC=/Users/xuzihang/GitProject/Serf/build/test

//Value Computed by CMake
PerfTest_IS_TOP_LEVEL:STATIC=OFF

//Value Computed by CMake
PerfTest_SOURCE_DIR:STATIC=/Users/xuzihang/GitProject/Serf/test

//Name of the computer/site where compile is being run
SITE:STRING=MacBook-Pro.local

//Build Snappy's benchmarks
SNAPPY_BUILD_BENCHMARKS:BOOL=ON

//Build Snappy's own tests.
SNAPPY_BUILD_TESTS:BOOL=ON

//Build Snappy for fuzzing.
SNAPPY_FUZZING_BUILD:BOOL=OFF

//Install Snappy's header and library
SNAPPY_INSTALL:BOOL=ON

//Target processors with AVX support.
SNAPPY_REQUIRE_AVX:BOOL=OFF

//Target processors with AVX2 support.
SNAPPY_REQUIRE_AVX2:BOOL=OFF

//Value Computed by CMake
SZ_ADT_BINARY_DIR:STATIC=/Users/xuzihang/GitProject/Serf/build/test/baselines/sz_adt

//Value Computed by CMake
SZ_ADT_IS_TOP_LEVEL:STATIC=OFF

//Value Computed by CMake
SZ_ADT_SOURCE_DIR:STATIC=/Users/xuzihang/GitProject/Serf/test/baselines/sz_adt

//find dependent libraries or build ext libraries
SZ_FIND_DEPS:BOOL=ON

//Value Computed by CMake
Serf-All_BINARY_DIR:STATIC=/Users/xuzihang/GitProject/Serf/build

//Value Computed by CMake
Serf-All_IS_TOP_LEVEL:STATIC=ON

//Value Computed by CMake
Serf-All_SOURCE_DIR:STATIC=/Users/xuzihang/GitProject/Serf

//Value Computed by CMake
Serf_BINARY_DIR:STATIC=/Users/xuzihang/GitProject/Serf/build/src

//Value Computed by CMake
Serf_IS_TOP_LEVEL:STATIC=OFF

//Value Computed by CMake
Serf_SOURCE_DIR:STATIC=/Users/xuzihang/GitProject/Serf/src

//Value Computed by CMake
Sim-Piece_BINARY_DIR:STATIC=/Users/xuzihang/GitProject/Serf/build/test/baselines/sim_piece

//Value Computed by CMake
Sim-Piece_IS_TOP_LEVEL:STATIC=OFF

//Value Computed by CMake
Sim-Piece_SOURCE_DIR:STATIC=/Users/xuzihang/GitProject/Serf/test/baselines/sim_piece

//Value Computed by CMake
Snappy_BINARY_DIR:STATIC=/Users/xuzihang/GitProject/Serf/build/test/baselines/snappy

//Value Computed by CMake
Snappy_IS_TOP_LEVEL:STATIC=OFF

//Value Computed by CMake
Snappy_SOURCE_DIR:STATIC=/Users/xuzihang/GitProject/Serf/test/baselines/snappy

//Value Computed by CMake
Sprintz_BINARY_DIR:STATIC=/Users/xuzihang/GitProject/Serf/build/test/baselines/sprintz

//Value Computed by CMake
Sprintz_IS_TOP_LEVEL:STATIC=OFF

//Value Computed by CMake
Sprintz_SOURCE_DIR:STATIC=/Users/xuzihang/GitProject/Serf/test/baselines/sprintz

//Path to a file.
ZLIB_INCLUDE_DIR:PATH=/Library/Developer/CommandLineTools/SDKs/MacOSX15.2.sdk/usr/include

//Path to a library.
ZLIB_LIBRARY_DEBUG:FILEPATH=ZLIB_LIBRARY_DEBUG-NOTFOUND

//Path to a library.
ZLIB_LIBRARY_RELEASE:FILEPATH=/Library/Developer/CommandLineTools/SDKs/MacOSX15.2.sdk/usr/lib/libz.tbd

//BUILD CONTRIB
ZSTD_BUILD_CONTRIB:BOOL=OFF

//BUILD PROGRAMS
ZSTD_BUILD_PROGRAMS:BOOL=OFF

//BUILD SHARED LIBRARIES
ZSTD_BUILD_SHARED:BOOL=ON

//BUILD STATIC LIBRARIES
ZSTD_BUILD_STATIC:BOOL=ON

//BUILD TESTS
ZSTD_BUILD_TESTS:BOOL=OFF

ZSTD_LEGACY_LEVEL:STRING=5

//LEGACY SUPPORT
ZSTD_LEGACY_SUPPORT:BOOL=ON

//MULTITHREADING SUPPORT
ZSTD_MULTITHREAD_SUPPORT:BOOL=ON

//PROGRAMS LINK SHARED
ZSTD_PROGRAMS_LINK_SHARED:BOOL=OFF

//The directory containing a CMake configuration file for boost_headers.
boost_headers_DIR:PATH=/opt/homebrew/lib/cmake/boost_headers-1.88.0

//Value Computed by CMake
gmock_BINARY_DIR:STATIC=/Users/xuzihang/GitProject/Serf/build/_deps/googletest-build/googlemock

//Value Computed by CMake
gmock_IS_TOP_LEVEL:STATIC=OFF

//Value Computed by CMake
gmock_SOURCE_DIR:STATIC=/Users/xuzihang/GitProject/Serf/build/_deps/googletest-src/googlemock

//Build all of Google Mock's own tests.
gmock_build_tests:BOOL=OFF

//Value Computed by CMake
googletest-distribution_BINARY_DIR:STATIC=/Users/xuzihang/GitProject/Serf/build/_deps/googletest-build

//Value Computed by CMake
googletest-distribution_IS_TOP_LEVEL:STATIC=OFF

//Value Computed by CMake
googletest-distribution_SOURCE_DIR:STATIC=/Users/xuzihang/GitProject/Serf/build/_deps/googletest-src

//Value Computed by CMake
gtest_BINARY_DIR:STATIC=/Users/xuzihang/GitProject/Serf/build/_deps/googletest-build/googletest

//Value Computed by CMake
gtest_IS_TOP_LEVEL:STATIC=OFF

//Value Computed by CMake
gtest_SOURCE_DIR:STATIC=/Users/xuzihang/GitProject/Serf/build/_deps/googletest-src/googletest

//Build gtest's sample programs.
gtest_build_samples:BOOL=OFF

//Build all of gtest's own tests.
gtest_build_tests:BOOL=OFF

//Disable uses of pthreads in gtest.
gtest_disable_pthreads:BOOL=OFF

//Use shared (DLL) run-time lib even when Google Test is built
// as static lib.
gtest_force_shared_crt:BOOL=OFF

//Build gtest with internal symbols hidden in shared libraries.
gtest_hide_internal_symbols:BOOL=OFF

//Value Computed by CMake
libzstd_BINARY_DIR:STATIC=/Users/xuzihang/GitProject/Serf/build/test/baselines/zstd/build/cmake/lib

//Value Computed by CMake
libzstd_IS_TOP_LEVEL:STATIC=OFF

//Value Computed by CMake
libzstd_SOURCE_DIR:STATIC=/Users/xuzihang/GitProject/Serf/test/baselines/zstd/build/cmake/lib

//Path to a library.
pkgcfg_lib_ZSTD_zstd:FILEPATH=/opt/homebrew/opt/zstd/lib/libzstd.dylib

//The directory containing a CMake configuration file for pybind11.
pybind11_DIR:PATH=/opt/homebrew/share/cmake/pybind11

//Value Computed by CMake
sz_BINARY_DIR:STATIC=/Users/xuzihang/GitProject/Serf/build/test/baselines/sz2

//Value Computed by CMake
sz_IS_TOP_LEVEL:STATIC=OFF

//Dependencies for the target
sz_LIB_DEPENDS:STATIC=general;ZLIB::ZLIB;general;m;

//Value Computed by CMake
sz_SOURCE_DIR:STATIC=/Users/xuzihang/GitProject/Serf/test/baselines/sz2

//Value Computed by CMake
zstd_BINARY_DIR:STATIC=/Users/xuzihang/GitProject/Serf/build/test/baselines/zstd/build/cmake

//Value Computed by CMake
zstd_IS_TOP_LEVEL:STATIC=OFF

//Value Computed by CMake
zstd_SOURCE_DIR:STATIC=/Users/xuzihang/GitProject/Serf/test/baselines/zstd/build/cmake


########################
# INTERNAL cache entries
########################

//ADVANCED property for variable: Boost_DIR
Boost_DIR-ADVANCED:INTERNAL=1
//ADVANCED property for variable: CMAKE_ADDR2LINE
CMAKE_ADDR2LINE-ADVANCED:INTERNAL=1
//ADVANCED property for variable: CMAKE_AR
CMAKE_AR-ADVANCED:INTERNAL=1
//ADVANCED property for variable: CMAKE_ASM_COMPILER
CMAKE_ASM_COMPILER-ADVANCED:INTERNAL=1
CMAKE_ASM_COMPILER_WORKS:INTERNAL=1
//ADVANCED property for variable: CMAKE_ASM_FLAGS
CMAKE_ASM_FLAGS-ADVANCED:INTERNAL=1
//ADVANCED property for variable: CMAKE_ASM_FLAGS_DEBUG
CMAKE_ASM_FLAGS_DEBUG-ADVANCED:INTERNAL=1
//ADVANCED property for variable: CMAKE_ASM_FLAGS_MINSIZEREL
CMAKE_ASM_FLAGS_MINSIZEREL-ADVANCED:INTERNAL=1
//ADVANCED property for variable: CMAKE_ASM_FLAGS_RELEASE
CMAKE_ASM_FLAGS_RELEASE-ADVANCED:INTERNAL=1
//ADVANCED property for variable: CMAKE_ASM_FLAGS_RELWITHDEBINFO
CMAKE_ASM_FLAGS_RELWITHDEBINFO-ADVANCED:INTERNAL=1
//This is the directory where this CMakeCache.txt was created
CMAKE_CACHEFILE_DIR:INTERNAL=/Users/xuzihang/GitProject/Serf/build
//Major version of cmake used to create the current loaded cache
CMAKE_CACHE_MAJOR_VERSION:INTERNAL=3
//Minor version of cmake used to create the current loaded cache
CMAKE_CACHE_MINOR_VERSION:INTERNAL=31
//Patch version of cmake used to create the current loaded cache
CMAKE_CACHE_PATCH_VERSION:INTERNAL=6
//ADVANCED property for variable: CMAKE_COLOR_MAKEFILE
CMAKE_COLOR_MAKEFILE-ADVANCED:INTERNAL=1
//Path to CMake executable.
CMAKE_COMMAND:INTERNAL=/opt/homebrew/bin/cmake
//Path to cpack program executable.
CMAKE_CPACK_COMMAND:INTERNAL=/opt/homebrew/bin/cpack
//ADVANCED property for variable: CMAKE_CTEST_COMMAND
CMAKE_CTEST_COMMAND-ADVANCED:INTERNAL=1
//Path to ctest program executable.
CMAKE_CTEST_COMMAND:INTERNAL=/opt/homebrew/bin/ctest
//ADVANCED property for variable: CMAKE_CXX_COMPILER
CMAKE_CXX_COMPILER-ADVANCED:INTERNAL=1
//ADVANCED property for variable: CMAKE_CXX_FLAGS
CMAKE_CXX_FLAGS-ADVANCED:INTERNAL=1
//ADVANCED property for variable: CMAKE_CXX_FLAGS_DEBUG
CMAKE_CXX_FLAGS_DEBUG-ADVANCED:INTERNAL=1
//ADVANCED property for variable: CMAKE_CXX_FLAGS_MINSIZEREL
CMAKE_CXX_FLAGS_MINSIZEREL-ADVANCED:INTERNAL=1
//ADVANCED property for variable: CMAKE_CXX_FLAGS_RELEASE
CMAKE_CXX_FLAGS_RELEASE-ADVANCED:INTERNAL=1
//ADVANCED property for variable: CMAKE_CXX_FLAGS_RELWITHDEBINFO
CMAKE_CXX_FLAGS_RELWITHDEBINFO-ADVANCED:INTERNAL=1
//ADVANCED property for variable: CMAKE_C_COMPILER
CMAKE_C_COMPILER-ADVANCED:INTERNAL=1
//ADVANCED property for variable: CMAKE_C_FLAGS
CMAKE_C_FLAGS-ADVANCED:INTERNAL=1
//ADVANCED property for variable: CMAKE_C_FLAGS_DEBUG
CMAKE_C_FLAGS_DEBUG-ADVANCED:INTERNAL=1
//ADVANCED property for variable: CMAKE_C_FLAGS_MINSIZEREL
CMAKE_C_FLAGS_MINSIZEREL-ADVANCED:INTERNAL=1
//ADVANCED property for variable: CMAKE_C_FLAGS_RELEASE
CMAKE_C_FLAGS_RELEASE-ADVANCED:INTERNAL=1
//ADVANCED property for variable: CMAKE_C_FLAGS_RELWITHDEBINFO
CMAKE_C_FLAGS_RELWITHDEBINFO-ADVANCED:INTERNAL=1
//ADVANCED property for variable: CMAKE_DLLTOOL
CMAKE_DLLTOOL-ADVANCED:INTERNAL=1
//Path to cache edit program executable.
CMAKE_EDIT_COMMAND:INTERNAL=/opt/homebrew/bin/ccmake
//Executable file format
CMAKE_EXECUTABLE_FORMAT:INTERNAL=MACHO
//ADVANCED property for variable: CMAKE_EXE_LINKER_FLAGS
CMAKE_EXE_LINKER_FLAGS-ADVANCED:INTERNAL=1
//ADVANCED property for variable: CMAKE_EXE_LINKER_FLAGS_DEBUG
CMAKE_EXE_LINKER_FLAGS_DEBUG-ADVANCED:INTERNAL=1
//ADVANCED property for variable: CMAKE_EXE_LINKER_FLAGS_MINSIZEREL
CMAKE_EXE_LINKER_FLAGS_MINSIZEREL-ADVANCED:INTERNAL=1
//ADVANCED property for variable: CMAKE_EXE_LINKER_FLAGS_RELEASE
CMAKE_EXE_LINKER_FLAGS_RELEASE-ADVANCED:INTERNAL=1
//ADVANCED property for variable: CMAKE_EXE_LINKER_FLAGS_RELWITHDEBINFO
CMAKE_EXE_LINKER_FLAGS_RELWITHDEBINFO-ADVANCED:INTERNAL=1
//ADVANCED property for variable: CMAKE_EXPORT_COMPILE_COMMANDS
CMAKE_EXPORT_COMPILE_COMMANDS-ADVANCED:INTERNAL=1
//Name of external makefile project generator.
CMAKE_EXTRA_GENERATOR:INTERNAL=
//Name of generator.
CMAKE_GENERATOR:INTERNAL=Unix Makefiles
//Generator instance identifier.
CMAKE_GENERATOR_INSTANCE:INTERNAL=
//Name of generator platform.
CMAKE_GENERATOR_PLATFORM:INTERNAL=
//Name of generator toolset.
CMAKE_GENERATOR_TOOLSET:INTERNAL=
//Test CMAKE_HAVE_LIBC_PTHREAD
CMAKE_HAVE_LIBC_PTHREAD:INTERNAL=1
//Source directory with the top level CMakeLists.txt file for this
// project
CMAKE_HOME_DIRECTORY:INTERNAL=/Users/xuzihang/GitProject/Serf
//ADVANCED property for variable: CMAKE_INSTALL_BINDIR
CMAKE_INSTALL_BINDIR-ADVANCED:INTERNAL=1
//ADVANCED property for variable: CMAKE_INSTALL_DATADIR
CMAKE_INSTALL_DATADIR-ADVANCED:INTERNAL=1
//ADVANCED property for variable: CMAKE_INSTALL_DATAROOTDIR
CMAKE_INSTALL_DATAROOTDIR-ADVANCED:INTERNAL=1
//ADVANCED property for variable: CMAKE_INSTALL_DOCDIR
CMAKE_INSTALL_DOCDIR-ADVANCED:INTERNAL=1
//ADVANCED property for variable: CMAKE_INSTALL_INCLUDEDIR
CMAKE_INSTALL_INCLUDEDIR-ADVANCED:INTERNAL=1
//ADVANCED property for variable: CMAKE_INSTALL_INFODIR
CMAKE_INSTALL_INFODIR-ADVANCED:INTERNAL=1
//ADVANCED property for variable: CMAKE_INSTALL_LIBDIR
CMAKE_INSTALL_LIBDIR-ADVANCED:INTERNAL=1
//ADVANCED property for variable: CMAKE_INSTALL_LIBEXECDIR
CMAKE_INSTALL_LIBEXECDIR-ADVANCED:INTERNAL=1
//ADVANCED property for variable: CMAKE_INSTALL_LOCALEDIR
CMAKE_INSTALL_LOCALEDIR-ADVANCED:INTERNAL=1
//ADVANCED property for variable: CMAKE_INSTALL_LOCALSTATEDIR
CMAKE_INSTALL_LOCALSTATEDIR-ADVANCED:INTERNAL=1
//ADVANCED property for variable: CMAKE_INSTALL_MANDIR
CMAKE_INSTALL_MANDIR-ADVANCED:INTERNAL=1
//ADVANCED property for variable: CMAKE_INSTALL_NAME_TOOL
CMAKE_INSTALL_NAME_TOOL-ADVANCED:INTERNAL=1
//ADVANCED property for variable: CMAKE_INSTALL_OLDINCLUDEDIR
CMAKE_INSTALL_OLDINCLUDEDIR-ADVANCED:INTERNAL=1
//ADVANCED property for variable: CMAKE_INSTALL_RUNSTATEDIR
CMAKE_INSTALL_RUNSTATEDIR-ADVANCED:INTERNAL=1
//ADVANCED property for variable: CMAKE_INSTALL_SBINDIR
CMAKE_INSTALL_SBINDIR-ADVANCED:INTERNAL=1
//ADVANCED property for variable: CMAKE_INSTALL_SHAREDSTATEDIR
CMAKE_INSTALL_SHAREDSTATEDIR-ADVANCED:INTERNAL=1
//ADVANCED property for variable: CMAKE_INSTALL_SYSCONFDIR
CMAKE_INSTALL_SYSCONFDIR-ADVANCED:INTERNAL=1
//ADVANCED property for variable: CMAKE_LINKER
CMAKE_LINKER-ADVANCED:INTERNAL=1
//ADVANCED property for variable: CMAKE_MAKE_PROGRAM
CMAKE_MAKE_PROGRAM-ADVANCED:INTERNAL=1
//ADVANCED property for variable: CMAKE_MODULE_LINKER_FLAGS
CMAKE_MODULE_LINKER_FLAGS-ADVANCED:INTERNAL=1
//ADVANCED property for variable: CMAKE_MODULE_LINKER_FLAGS_DEBUG
CMAKE_MODULE_LINKER_FLAGS_DEBUG-ADVANCED:INTERNAL=1
//ADVANCED property for variable: CMAKE_MODULE_LINKER_FLAGS_MINSIZEREL
CMAKE_MODULE_LINKER_FLAGS_MINSIZEREL-ADVANCED:INTERNAL=1
//ADVANCED property for variable: CMAKE_MODULE_LINKER_FLAGS_RELEASE
CMAKE_MODULE_LINKER_FLAGS_RELEASE-ADVANCED:INTERNAL=1
//ADVANCED property for variable: CMAKE_MODULE_LINKER_FLAGS_RELWITHDEBINFO
CMAKE_MODULE_LINKER_FLAGS_RELWITHDEBINFO-ADVANCED:INTERNAL=1
//ADVANCED property for variable: CMAKE_NM
CMAKE_NM-ADVANCED:INTERNAL=1
//number of local generators
CMAKE_NUMBER_OF_MAKEFILES:INTERNAL=26
//ADVANCED property for variable: CMAKE_OBJCOPY
CMAKE_OBJCOPY-ADVANCED:INTERNAL=1
//ADVANCED property for variable: CMAKE_OBJDUMP
CMAKE_OBJDUMP-ADVANCED:INTERNAL=1
//Platform information initialized
CMAKE_PLATFORM_INFO_INITIALIZED:INTERNAL=1
//ADVANCED property for variable: CMAKE_RANLIB
CMAKE_RANLIB-ADVANCED:INTERNAL=1
//ADVANCED property for variable: CMAKE_READELF
CMAKE_READELF-ADVANCED:INTERNAL=1
//Path to CMake installation.
CMAKE_ROOT:INTERNAL=/opt/homebrew/share/cmake
//ADVANCED property for variable: CMAKE_SHARED_LINKER_FLAGS
CMAKE_SHARED_LINKER_FLAGS-ADVANCED:INTERNAL=1
//ADVANCED property for variable: CMAKE_SHARED_LINKER_FLAGS_DEBUG
CMAKE_SHARED_LINKER_FLAGS_DEBUG-ADVANCED:INTERNAL=1
//ADVANCED property for variable: CMAKE_SHARED_LINKER_FLAGS_MINSIZEREL
CMAKE_SHARED_LINKER_FLAGS_MINSIZEREL-ADVANCED:INTERNAL=1
//ADVANCED property for variable: CMAKE_SHARED_LINKER_FLAGS_RELEASE
CMAKE_SHARED_LINKER_FLAGS_RELEASE-ADVANCED:INTERNAL=1
//ADVANCED property for variable: CMAKE_SHARED_LINKER_FLAGS_RELWITHDEBINFO
CMAKE_SHARED_LINKER_FLAGS_RELWITHDEBINFO-ADVANCED:INTERNAL=1
//ADVANCED property for variable: CMAKE_SKIP_INSTALL_RPATH
CMAKE_SKIP_INSTALL_RPATH-ADVANCED:INTERNAL=1
//ADVANCED property for variable: CMAKE_SKIP_RPATH
CMAKE_SKIP_RPATH-ADVANCED:INTERNAL=1
//ADVANCED property for variable: CMAKE_STATIC_LINKER_FLAGS
CMAKE_STATIC_LINKER_FLAGS-ADVANCED:INTERNAL=1
//ADVANCED property for variable: CMAKE_STATIC_LINKER_FLAGS_DEBUG
CMAKE_STATIC_LINKER_FLAGS_DEBUG-ADVANCED:INTERNAL=1
//ADVANCED property for variable: CMAKE_STATIC_LINKER_FLAGS_MINSIZEREL
CMAKE_STATIC_LINKER_FLAGS_MINSIZEREL-ADVANCED:INTERNAL=1
//ADVANCED property for variable: CMAKE_STATIC_LINKER_FLAGS_RELEASE
CMAKE_STATIC_LINKER_FLAGS_RELEASE-ADVANCED:INTERNAL=1
//ADVANCED property for variable: CMAKE_STATIC_LINKER_FLAGS_RELWITHDEBINFO
CMAKE_STATIC_LINKER_FLAGS_RELWITHDEBINFO-ADVANCED:INTERNAL=1
//ADVANCED property for variable: CMAKE_STRIP
CMAKE_STRIP-ADVANCED:INTERNAL=1
//ADVANCED property for variable: CMAKE_TAPI
CMAKE_TAPI-ADVANCED:INTERNAL=1
//uname command
CMAKE_UNAME:INTERNAL=/usr/bin/uname
//ADVANCED property for variable: CMAKE_VERBOSE_MAKEFILE
CMAKE_VERBOSE_MAKEFILE-ADVANCED:INTERNAL=1
//ADVANCED property for variable: COVERAGE_COMMAND
COVERAGE_COMMAND-ADVANCED:INTERNAL=1
//ADVANCED property for variable: COVERAGE_EXTRA_FLAGS
COVERAGE_EXTRA_FLAGS-ADVANCED:INTERNAL=1
//ADVANCED property for variable: CTEST_SUBMIT_RETRY_COUNT
CTEST_SUBMIT_RETRY_COUNT-ADVANCED:INTERNAL=1
//ADVANCED property for variable: CTEST_SUBMIT_RETRY_DELAY
CTEST_SUBMIT_RETRY_DELAY-ADVANCED:INTERNAL=1
//Test CXX_FLAG_QUNUSED_ARGUMENTS
CXX_FLAG_QUNUSED_ARGUMENTS:INTERNAL=1
//Test CXX_FLAG_WALL
CXX_FLAG_WALL:INTERNAL=1
//Test CXX_FLAG_WA_NOEXECSTACK
CXX_FLAG_WA_NOEXECSTACK:INTERNAL=1
//Test CXX_FLAG_WCAST_ALIGN
CXX_FLAG_WCAST_ALIGN:INTERNAL=1
//Test CXX_FLAG_WCAST_QUAL
CXX_FLAG_WCAST_QUAL:INTERNAL=1
//Test CXX_FLAG_WEXTRA
CXX_FLAG_WEXTRA:INTERNAL=1
//Test CXX_FLAG_WSHADOW
CXX_FLAG_WSHADOW:INTERNAL=1
//Test CXX_FLAG_WUNDEF
CXX_FLAG_WUNDEF:INTERNAL=1
//Test C_FLAG_QUNUSED_ARGUMENTS
C_FLAG_QUNUSED_ARGUMENTS:INTERNAL=1
//Test C_FLAG_WALL
C_FLAG_WALL:INTERNAL=1
//Test C_FLAG_WA_NOEXECSTACK
C_FLAG_WA_NOEXECSTACK:INTERNAL=1
//Test C_FLAG_WCAST_ALIGN
C_FLAG_WCAST_ALIGN:INTERNAL=1
//Test C_FLAG_WCAST_QUAL
C_FLAG_WCAST_QUAL:INTERNAL=1
//Test C_FLAG_WEXTRA
C_FLAG_WEXTRA:INTERNAL=1
//Test C_FLAG_WSHADOW
C_FLAG_WSHADOW:INTERNAL=1
//Test C_FLAG_WSTRICT_PROTOTYPES
C_FLAG_WSTRICT_PROTOTYPES:INTERNAL=1
//Test C_FLAG_WUNDEF
C_FLAG_WUNDEF:INTERNAL=1
//ADVANCED property for variable: DART_TESTING_TIMEOUT
DART_TESTING_TIMEOUT-ADVANCED:INTERNAL=1
//Details about finding Boost
FIND_PACKAGE_MESSAGE_DETAILS_Boost:INTERNAL=[/opt/homebrew/lib/cmake/Boost-1.88.0/BoostConfig.cmake][c ][v1.88.0()]
//Details about finding PkgConfig
FIND_PACKAGE_MESSAGE_DETAILS_PkgConfig:INTERNAL=[/opt/homebrew/bin/pkg-config][v2.4.3()]
//Details about finding Python
FIND_PACKAGE_MESSAGE_DETAILS_Python:INTERNAL=[/Library/Frameworks/Python.framework/Versions/3.13/bin/python3.13][/Library/Frameworks/Python.framework/Versions/3.13/include/python3.13][/Library/Frameworks/Python.framework/Versions/3.13/lib/libpython3.13.dylib][cfound components: Interpreter Development Development.Module Development.Embed ][v3.13.2(3.10)]
//Details about finding Python3
FIND_PACKAGE_MESSAGE_DETAILS_Python3:INTERNAL=[/Library/Frameworks/Python.framework/Versions/3.13/bin/python3.13][cfound components: Interpreter ][v3.13.2()]
//Details about finding Threads
FIND_PACKAGE_MESSAGE_DETAILS_Threads:INTERNAL=[TRUE][v()]
//Details about finding ZLIB
FIND_PACKAGE_MESSAGE_DETAILS_ZLIB:INTERNAL=[/Library/Developer/CommandLineTools/SDKs/MacOSX15.2.sdk/usr/lib/libz.tbd][/Library/Developer/CommandLineTools/SDKs/MacOSX15.2.sdk/usr/include][c ][v1.2.12()]
//Test HAS_FLTO_THIN
HAS_FLTO_THIN:INTERNAL=1
//Test HAVE_ATTRIBUTE_ALWAYS_INLINE
HAVE_ATTRIBUTE_ALWAYS_INLINE:INTERNAL=1
//Test HAVE_BUILTIN_CTZ
HAVE_BUILTIN_CTZ:INTERNAL=1
//Test HAVE_BUILTIN_EXPECT
HAVE_BUILTIN_EXPECT:INTERNAL=1
//Test HAVE_BUILTIN_PREFETCH
HAVE_BUILTIN_PREFETCH:INTERNAL=1
//Test HAVE_CLANG_MAVX
HAVE_CLANG_MAVX:INTERNAL=
//Test HAVE_CLANG_MBMI2
HAVE_CLANG_MBMI2:INTERNAL=
//Have function clock_gettime
HAVE_CLOCK_GETTIME:INTERNAL=1
//Have symbol mmap
HAVE_FUNC_MMAP:INTERNAL=1
//Have symbol sysconf
HAVE_FUNC_SYSCONF:INTERNAL=1
//Have function gettimeofday
HAVE_GETTIMEOFDAY:INTERNAL=1
//Have library lz4
HAVE_LIBLZ4:INTERNAL=
//Have library lzo2
HAVE_LIBLZO2:INTERNAL=
//Have library z
HAVE_LIBZ:INTERNAL=1
//Have include sys/mman.h
HAVE_SYS_MMAN_H:INTERNAL=1
//Have include sys/resource.h
HAVE_SYS_RESOURCE_H:INTERNAL=1
//Have include sys/time.h
HAVE_SYS_TIME_H:INTERNAL=1
//Have include sys/uio.h
HAVE_SYS_UIO_H:INTERNAL=1
//Have include unistd.h
HAVE_UNISTD_H:INTERNAL=1
//Test HAVE_VISUAL_STUDIO_ARCH_AVX
HAVE_VISUAL_STUDIO_ARCH_AVX:INTERNAL=
//Test HAVE_VISUAL_STUDIO_ARCH_AVX2
HAVE_VISUAL_STUDIO_ARCH_AVX2:INTERNAL=
//Have include windows.h
HAVE_WINDOWS_H:INTERNAL=
//Test LD_FLAG_Z_NOEXECSTACK
LD_FLAG_Z_NOEXECSTACK:INTERNAL=
//ADVANCED property for variable: MAKECOMMAND
MAKECOMMAND-ADVANCED:INTERNAL=1
//ADVANCED property for variable: MEMORYCHECK_COMMAND
MEMORYCHECK_COMMAND-ADVANCED:INTERNAL=1
//ADVANCED property for variable: MEMORYCHECK_SUPPRESSIONS_FILE
MEMORYCHECK_SUPPRESSIONS_FILE-ADVANCED:INTERNAL=1
//Result of TRY_COMPILE
OpenMP_COMPILE_RESULT_CXX_Xclang fopenmp:INTERNAL=FALSE
//Result of TRY_COMPILE
OpenMP_COMPILE_RESULT_C_Xclang fopenmp:INTERNAL=FALSE
//ADVANCED property for variable: OpenMP_CXX_FLAGS
OpenMP_CXX_FLAGS-ADVANCED:INTERNAL=1
//ADVANCED property for variable: OpenMP_CXX_LIB_NAMES
OpenMP_CXX_LIB_NAMES-ADVANCED:INTERNAL=1
//ADVANCED property for variable: OpenMP_C_FLAGS
OpenMP_C_FLAGS-ADVANCED:INTERNAL=1
//ADVANCED property for variable: OpenMP_C_LIB_NAMES
OpenMP_C_LIB_NAMES-ADVANCED:INTERNAL=1
//ADVANCED property for variable: OpenMP_libomp_LIBRARY
OpenMP_libomp_LIBRARY-ADVANCED:INTERNAL=1
//ADVANCED property for variable: PKG_CONFIG_ARGN
PKG_CONFIG_ARGN-ADVANCED:INTERNAL=1
//ADVANCED property for variable: PKG_CONFIG_EXECUTABLE
PKG_CONFIG_EXECUTABLE-ADVANCED:INTERNAL=1
//Python executable during the last CMake run
PYBIND11_PYTHON_EXECUTABLE_LAST:INTERNAL=/Library/Frameworks/Python.framework/Versions/3.13/bin/python3.13
//Python debug status
PYTHON_IS_DEBUG:INTERNAL=0
PYTHON_MODULE_DEBUG_POSTFIX:INTERNAL=
PYTHON_MODULE_EXTENSION:INTERNAL=.cpython-313-darwin.so
//ADVANCED property for variable: SITE
SITE-ADVANCED:INTERNAL=1
//Test SNAPPY_HAVE_BMI2
SNAPPY_HAVE_BMI2:INTERNAL=
//Test SNAPPY_HAVE_NEON
SNAPPY_HAVE_NEON:INTERNAL=1
//Test SNAPPY_HAVE_NEON_CRC32
SNAPPY_HAVE_NEON_CRC32:INTERNAL=1
//Test SNAPPY_HAVE_NO_IMPLICIT_INT_FLOAT_CONVERSION
SNAPPY_HAVE_NO_IMPLICIT_INT_FLOAT_CONVERSION:INTERNAL=1
//Test SNAPPY_HAVE_NO_MISSING_FIELD_INITIALIZERS
SNAPPY_HAVE_NO_MISSING_FIELD_INITIALIZERS:INTERNAL=1
//Test SNAPPY_HAVE_SSSE3
SNAPPY_HAVE_SSSE3:INTERNAL=
//Test SNAPPY_HAVE_X86_CRC32
SNAPPY_HAVE_X86_CRC32:INTERNAL=
//ADVANCED property for variable: ZLIB_INCLUDE_DIR
ZLIB_INCLUDE_DIR-ADVANCED:INTERNAL=1
//ADVANCED property for variable: ZLIB_LIBRARY_DEBUG
ZLIB_LIBRARY_DEBUG-ADVANCED:INTERNAL=1
//ADVANCED property for variable: ZLIB_LIBRARY_RELEASE
ZLIB_LIBRARY_RELEASE-ADVANCED:INTERNAL=1
ZSTD_CFLAGS:INTERNAL=-I/opt/homebrew/opt/zstd/include
ZSTD_CFLAGS_I:INTERNAL=
ZSTD_CFLAGS_OTHER:INTERNAL=
ZSTD_FOUND:INTERNAL=1
ZSTD_INCLUDEDIR:INTERNAL=/opt/homebrew/opt/zstd/include
ZSTD_INCLUDE_DIRS:INTERNAL=/opt/homebrew/opt/zstd/include
ZSTD_LDFLAGS:INTERNAL=-L/opt/homebrew/opt/zstd/lib;-lzstd
ZSTD_LDFLAGS_OTHER:INTERNAL=
ZSTD_LIBDIR:INTERNAL=/opt/homebrew/opt/zstd/lib
ZSTD_LIBRARIES:INTERNAL=zstd
ZSTD_LIBRARY_DIRS:INTERNAL=/opt/homebrew/opt/zstd/lib
ZSTD_LIBS:INTERNAL=
ZSTD_LIBS_L:INTERNAL=
ZSTD_LIBS_OTHER:INTERNAL=
ZSTD_LIBS_PATHS:INTERNAL=
ZSTD_MODULE_NAME:INTERNAL=libzstd
ZSTD_PREFIX:INTERNAL=/opt/homebrew/opt/zstd
ZSTD_STATIC_CFLAGS:INTERNAL=-I/opt/homebrew/opt/zstd/include
ZSTD_STATIC_CFLAGS_I:INTERNAL=
ZSTD_STATIC_CFLAGS_OTHER:INTERNAL=
ZSTD_STATIC_INCLUDE_DIRS:INTERNAL=/opt/homebrew/opt/zstd/include
ZSTD_STATIC_LDFLAGS:INTERNAL=-L/opt/homebrew/opt/zstd/lib;-lzstd
ZSTD_STATIC_LDFLAGS_OTHER:INTERNAL=
ZSTD_STATIC_LIBDIR:INTERNAL=
ZSTD_STATIC_LIBRARIES:INTERNAL=zstd
ZSTD_STATIC_LIBRARY_DIRS:INTERNAL=/opt/homebrew/opt/zstd/lib
ZSTD_STATIC_LIBS:INTERNAL=
ZSTD_STATIC_LIBS_L:INTERNAL=
ZSTD_STATIC_LIBS_OTHER:INTERNAL=
ZSTD_STATIC_LIBS_PATHS:INTERNAL=
ZSTD_VERSION:INTERNAL=1.5.7
ZSTD_libzstd_INCLUDEDIR:INTERNAL=
ZSTD_libzstd_LIBDIR:INTERNAL=
ZSTD_libzstd_PREFIX:INTERNAL=
ZSTD_libzstd_VERSION:INTERNAL=
//CMAKE_INSTALL_PREFIX during last run
_GNUInstallDirs_LAST_CMAKE_INSTALL_PREFIX:INTERNAL=/usr/local
_PYBIND11_CROSSCOMPILING:INTERNAL=OFF
_Python:INTERNAL=Python
//Compiler reason failure
_Python3_Compiler_REASON_FAILURE:INTERNAL=
//Development reason failure
_Python3_Development_REASON_FAILURE:INTERNAL=
//Path to a program.
_Python3_EXECUTABLE:INTERNAL=/Library/Frameworks/Python.framework/Versions/3.13/bin/python3.13
//Python3 Properties
_Python3_INTERPRETER_PROPERTIES:INTERNAL=Python;3;13;2;64;32;<none>;cpython-313-darwin;abi3;/Library/Frameworks/Python.framework/Versions/3.13/lib/python3.13;/Library/Frameworks/Python.framework/Versions/3.13/lib/python3.13;/Library/Frameworks/Python.framework/Versions/3.13/lib/python3.13/site-packages;/Library/Frameworks/Python.framework/Versions/3.13/lib/python3.13/site-packages
_Python3_INTERPRETER_SIGNATURE:INTERNAL=9e6912d89a4d0d3afbdf9e7744974145
//NumPy reason failure
_Python3_NumPy_REASON_FAILURE:INTERNAL=
//Compiler reason failure
_Python_Compiler_REASON_FAILURE:INTERNAL=
_Python_DEVELOPMENT_EMBED_SIGNATURE:INTERNAL=d8d5eb1c243a5ed7d09b4fcebd93babd
_Python_DEVELOPMENT_MODULE_SIGNATURE:INTERNAL=06cd82f318d0d4b67c07dad23888b11d
//Development reason failure
_Python_Development_REASON_FAILURE:INTERNAL=
//Path to a program.
_Python_EXECUTABLE:INTERNAL=/Library/Frameworks/Python.framework/Versions/3.13/bin/python3.13
//Path to a file.
_Python_INCLUDE_DIR:INTERNAL=/Library/Frameworks/Python.framework/Versions/3.13/include/python3.13
//Python Properties
_Python_INTERPRETER_PROPERTIES:INTERNAL=Python;3;13;2;64;<none>;cpython-313-darwin;abi3;/Library/Frameworks/Python.framework/Versions/3.13/lib/python3.13;/Library/Frameworks/Python.framework/Versions/3.13/lib/python3.13;/Library/Frameworks/Python.framework/Versions/3.13/lib/python3.13/site-packages;/Library/Frameworks/Python.framework/Versions/3.13/lib/python3.13/site-packages
_Python_INTERPRETER_SIGNATURE:INTERNAL=473bb58383d8d9cb9b47c0aa34428ba6
//Interpreter reason failure
_Python_Interpreter_REASON_FAILURE:INTERNAL=
//Path to a library.
_Python_LIBRARY_RELEASE:INTERNAL=/Library/Frameworks/Python.framework/Versions/3.13/lib/libpython3.13.dylib
//NumPy reason failure
_Python_NumPy_REASON_FAILURE:INTERNAL=
__pkg_config_checked_ZSTD:INTERNAL=1
//ADVANCED property for variable: boost_headers_DIR
boost_headers_DIR-ADVANCED:INTERNAL=1
cmake_package_name:INTERNAL=GTest
generated_dir:INTERNAL=/Users/xuzihang/GitProject/Serf/build/_deps/googletest-build/googletest/generated
//ADVANCED property for variable: gmock_build_tests
gmock_build_tests-ADVANCED:INTERNAL=1
//ADVANCED property for variable: gtest_build_samples
gtest_build_samples-ADVANCED:INTERNAL=1
//ADVANCED property for variable: gtest_build_tests
gtest_build_tests-ADVANCED:INTERNAL=1
//ADVANCED property for variable: gtest_disable_pthreads
gtest_disable_pthreads-ADVANCED:INTERNAL=1
//ADVANCED property for variable: gtest_force_shared_crt
gtest_force_shared_crt-ADVANCED:INTERNAL=1
//ADVANCED property for variable: gtest_hide_internal_symbols
gtest_hide_internal_symbols-ADVANCED:INTERNAL=1
//ADVANCED property for variable: pkgcfg_lib_ZSTD_zstd
pkgcfg_lib_ZSTD_zstd-ADVANCED:INTERNAL=1
prefix_result:INTERNAL=/opt/homebrew/opt/zstd/lib
//Directories where pybind11 and possibly Python headers are located
pybind11_INCLUDE_DIRS:INTERNAL=/opt/homebrew/include;/Library/Frameworks/Python.framework/Versions/3.13/include/python3.13
targets_export_name:INTERNAL=GTestTargets

